<?xml version="1.0" encoding="utf-8"?><testsuites name="pytest tests"><testsuite name="pytest" errors="0" failures="0" skipped="0" tests="9" time="30.285" timestamp="2026-07-03T01:48:28.435871+00:00" hostname="agent-env-08ef3c3a-9744-4d6f-b3f8-50eacffa36f0"><testcase classname="tests.test_bootstrap_boss.TestBootstrapBoss" name="test_1_no_secret_returns_403" time="9.439" /><testcase classname="tests.test_bootstrap_boss.TestBootstrapBoss" name="test_2_wrong_secret_returns_403" time="9.810" /><testcase classname="tests.test_bootstrap_boss.TestBootstrapBoss" name="test_3_boss_already_exists_returns_409" time="0.004" /><testcase classname="tests.test_bootstrap_boss.TestBootstrapBoss" name="test_4_nonexistent_email_404_or_409" time="0.003" /><testcase classname="tests.test_bootstrap_boss.TestBootstrapBoss" name="test_5_cleanup_restore_no_secret" time="9.599" /><testcase classname="tests.test_bootstrap_boss.TestBootstrapBoss" name="test_6_boss_login" time="0.230" /><testcase classname="tests.test_bootstrap_boss.TestBootstrapBoss" name="test_7_admin_login" time="0.230" /><testcase classname="tests.test_bootstrap_boss.TestBootstrapBoss" name="test_8_employee_login" time="0.231" /><testcase classname="tests.test_bootstrap_boss.TestBootstrapBoss" name="test_9_endpoint_in_openapi_docs" time="0.008" /></testsuite></testsuites>