<?xml version="1.0" encoding="utf-8"?><testsuites name="pytest tests"><testsuite name="pytest" errors="0" failures="0" skipped="0" tests="19" time="3.986" timestamp="2026-07-01T04:17:31.176387+00:00" hostname="agent-env-08ef3c3a-9744-4d6f-b3f8-50eacffa36f0"><testcase classname="tests.test_performance_pulse.TestAuth" name="test_boss_login" time="0.496" /><testcase classname="tests.test_performance_pulse.TestAuth" name="test_admin_login" time="0.486" /><testcase classname="tests.test_performance_pulse.TestReports" name="test_get_today_report" time="0.989" /><testcase classname="tests.test_performance_pulse.TestAuth" name="test_employee_login" time="0.344" /><testcase classname="tests.test_performance_pulse.TestReports" name="test_get_my_reports" time="0.060" /><testcase classname="tests.test_performance_pulse.TestAuth" name="test_pending_login" time="0.485" /><testcase classname="tests.test_performance_pulse.TestReports" name="test_get_all_reports_admin" time="0.762" /><testcase classname="tests.test_performance_pulse.TestAuth" name="test_invalid_login" time="0.183" /><testcase classname="tests.test_performance_pulse.TestReports" name="test_submit_report_employee" time="0.084" /><testcase classname="tests.test_performance_pulse.TestUsers" name="test_list_users_admin" time="0.046" /><testcase classname="tests.test_performance_pulse.TestUsers" name="test_list_users_employee_forbidden" time="0.044" /><testcase classname="tests.test_performance_pulse.TestUsers" name="test_get_departments" time="0.084" /><testcase classname="tests.test_performance_pulse.TestAuth" name="test_me_endpoint" time="0.617" /><testcase classname="tests.test_performance_pulse.TestDashboard" name="test_dashboard_stats_admin" time="0.056" /><testcase classname="tests.test_performance_pulse.TestDashboard" name="test_dashboard_stats_boss" time="0.530" /><testcase classname="tests.test_performance_pulse.TestAuth" name="test_register_new_user" time="0.326" /><testcase classname="tests.test_performance_pulse.TestDashboard" name="test_missing_today" time="0.048" /><testcase classname="tests.test_performance_pulse.TestWeeklySummaries" name="test_generate_summary_admin" time="0.382" /><testcase classname="tests.test_performance_pulse.TestWeeklySummaries" name="test_list_summaries_admin" time="0.045" /></testsuite></testsuites>