<?xml version="1.0" encoding="utf-8"?><testsuites name="pytest tests"><testsuite name="pytest" errors="0" failures="0" skipped="0" tests="20" time="12.819" timestamp="2026-07-03T02:42:16.316951+00:00" hostname="agent-env-08ef3c3a-9744-4d6f-b3f8-50eacffa36f0"><testcase classname="tests.test_seed_boss.TestMissingPassword" name="test_missing_password_exit_code" time="0.179" /><testcase classname="tests.test_seed_boss.TestMissingPassword" name="test_missing_password_error_message" time="0.169" /><testcase classname="tests.test_seed_boss.TestMissingPassword" name="test_missing_password_error_prefix" time="0.174" /><testcase classname="tests.test_seed_boss.TestShortPassword" name="test_short_password_exit_code" time="0.173" /><testcase classname="tests.test_seed_boss.TestShortPassword" name="test_short_password_error_message" time="0.172" /><testcase classname="tests.test_seed_boss.TestBlockedDifferentBoss" name="test_blocked_when_different_boss_exists" time="0.677" /><testcase classname="tests.test_seed_boss.TestBlockedDifferentBoss" name="test_blocked_no_seelan_created" time="0.008" /><testcase classname="tests.test_seed_boss.TestBlockedDifferentBoss" name="test_blocked_exit_code_zero" time="0.686" /><testcase classname="tests.test_seed_boss.TestCreationPath" name="test_creates_profile" time="0.711" /><testcase classname="tests.test_seed_boss.TestCreationPath" name="test_correct_role" time="0.708" /><testcase classname="tests.test_seed_boss.TestCreationPath" name="test_correct_status" time="0.709" /><testcase classname="tests.test_seed_boss.TestCreationPath" name="test_correct_full_name" time="0.717" /><testcase classname="tests.test_seed_boss.TestCreationPath" name="test_bcrypt_password_hash" time="0.934" /><testcase classname="tests.test_seed_boss.TestCreationPath" name="test_login_after_creation" time="1.174" /><testcase classname="tests.test_seed_boss.TestIdempotentRun" name="test_idempotent_prints_updated" time="1.396" /><testcase classname="tests.test_seed_boss.TestIdempotentRun" name="test_no_duplicate_created" time="1.389" /><testcase classname="tests.test_seed_boss.TestIdempotentRun" name="test_password_updated" time="1.611" /><testcase classname="tests.test_seed_boss.TestExistingAuthFlows" name="test_boss_login" time="0.330" /><testcase classname="tests.test_seed_boss.TestExistingAuthFlows" name="test_admin_login" time="0.385" /><testcase classname="tests.test_seed_boss.TestExistingAuthFlows" name="test_employee_login" time="0.360" /></testsuite></testsuites>